<?xml version="1.0" encoding="UTF-8"?>
<!-- Generated by org.testng.reporters.JUnitReportReporter -->
<testsuite hostname="LAPTOP-EDNQF8JN" failures="0" tests="1" name="ApiTestingRest_Assured.PostEndPoint" time="1.679" errors="0" timestamp="2023-02-01T22:31:54 CST" skipped="0">
  <testcase classname="ApiTestingRest_Assured.PostEndPoint" name="f" time="1.679"/>
  <system-out/>
</testsuite> <!-- ApiTestingRest_Assured.PostEndPoint -->
