<?xml version="1.0" encoding="UTF-8"?>
<!-- Generated by org.testng.reporters.JUnitReportReporter -->
<testsuite hostname="LAPTOP-EDNQF8JN" failures="0" tests="1" name="AmazonTestNG.Sprint1_Amazon" time="0.703" errors="0" timestamp="2023-01-10T19:20:14 CST" skipped="0">
  <testcase classname="AmazonTestNG.Sprint1_Amazon" name="f" time="0.703"/>
  <system-out/>
</testsuite> <!-- AmazonTestNG.Sprint1_Amazon -->
