<?xml version="1.0" encoding="UTF-8"?>
<!-- Generated by org.testng.reporters.JUnitReportReporter -->
<testsuite hostname="LAPTOP-EDNQF8JN" failures="0" tests="1" name="ApiTestingRest_Assured.Aitestinrandomway" time="2.465" errors="0" timestamp="2023-02-03T01:55:54 CST" skipped="0">
  <testcase classname="ApiTestingRest_Assured.Aitestinrandomway" name="f" time="2.465"/>
  <system-out/>
</testsuite> <!-- ApiTestingRest_Assured.Aitestinrandomway -->
