<?xml version="1.0" encoding="UTF-8"?>
<!-- Generated by org.testng.reporters.JUnitReportReporter -->
<testsuite hostname="LAPTOP-EDNQF8JN" failures="0" tests="1" name="ApiTestingRest_Assured.DeleteEndPoints" time="1.593" errors="0" timestamp="2023-02-01T22:54:17 CST" skipped="0">
  <testcase classname="ApiTestingRest_Assured.DeleteEndPoints" name="f" time="1.593"/>
  <system-out/>
</testsuite> <!-- ApiTestingRest_Assured.DeleteEndPoints -->
