<?xml version="1.0" encoding="UTF-8"?>
<!-- Generated by org.testng.reporters.JUnitReportReporter -->
<testsuite hostname="LAPTOP-EDNQF8JN" failures="0" tests="1" name="ApiTestingRest_Assured.GetPractise" time="1.529" errors="0" timestamp="2023-02-02T19:01:01 CST" skipped="0">
  <testcase classname="ApiTestingRest_Assured.GetPractise" name="f" time="1.529"/>
  <system-out/>
</testsuite> <!-- ApiTestingRest_Assured.GetPractise -->
