<?xml version="1.0" encoding="UTF-8"?>
<!-- Generated by org.testng.reporters.JUnitReportReporter -->
<testsuite hostname="LAPTOP-EDNQF8JN" failures="0" tests="1" name="ApiTestingRest_Assured.PutEndPoints" time="1.753" errors="0" timestamp="2023-02-01T22:32:30 CST" skipped="0">
  <testcase classname="ApiTestingRest_Assured.PutEndPoints" name="f" time="1.753"/>
  <system-out/>
</testsuite> <!-- ApiTestingRest_Assured.PutEndPoints -->
