<?xml version="1.0" encoding="UTF-8"?>
<!-- Generated by org.testng.reporters.JUnitReportReporter -->
<testsuite hostname="LAPTOP-EDNQF8JN" failures="0" tests="3" name="AmazonTestNG.Sprint2_Amazon" time="44.509" errors="0" timestamp="2023-01-12T20:57:15 CST" skipped="0">
  <testcase classname="AmazonTestNG.Sprint2_Amazon" name="Test1" time="9.109"/>
  <system-out/>
  <testcase classname="AmazonTestNG.Sprint2_Amazon" name="Test2" time="31.759"/>
  <system-out/>
  <testcase classname="AmazonTestNG.Sprint2_Amazon" name="Test3" time="3.641"/>
  <system-out/>
</testsuite> <!-- AmazonTestNG.Sprint2_Amazon -->
